
> event-karo@0.1.0 build
> next build

⚠ Warning: Next.js inferred your workspace root, but it may not be correct.
 We detected multiple lockfiles and selected the directory of D:\projects\Anti\package-lock.json as the root directory.
 To silence this warning, set `turbopack.root` in your Next.js config, or consider removing one of the lockfiles if it's not needed.
   See https://nextjs.org/docs/app/api-reference/config/next-config-js/turbopack#root-directory for more information.
 Detected additional lockfiles: 
   * D:\projects\Anti\event-karo\package-lock.json

▲ Next.js 16.1.7 (Turbopack)
- Environments: .env.local

  Creating an optimized production build ...
✓ Compiled successfully in 4.0s
  Running TypeScript ...
Failed to compile.

./src/app/colleges/page.tsx:37:5
Type error: Type '"APPROVED"' is not assignable to type '"pending" | "approved" | "rejected"'. Did you mean '"approved"'?

[0m [90m 35 |[39m     country[33m:[39m [32m'India'[39m[33m,[39m
 [90m 36 |[39m     description[33m:[39m [32m'A premier engineering institution known for its research and technical excellence.'[39m[33m,[39m
[31m[1m>[22m[39m[90m 37 |[39m     status[33m:[39m [32m'APPROVED'[39m[33m,[39m
 [90m    |[39m     [31m[1m^[22m[39m
 [90m 38 |[39m     logo[33m:[39m [32m'https://upload.wikimedia.org/wikipedia/en/b/b5/DTU%2C_Delhi_official_logo.png'[39m
 [90m 39 |[39m   }[33m,[39m
 [90m 40 |[39m   {[0m
Next.js build worker exited with code: 1 and signal: null
