
> event-karo@0.1.0 build
> next build

⚠ Warning: Next.js inferred your workspace root, but it may not be correct.
 We detected multiple lockfiles and selected the directory of D:\projects\Anti\package-lock.json as the root directory.
 To silence this warning, set `turbopack.root` in your Next.js config, or consider removing one of the lockfiles if it's not needed.
   See https://nextjs.org/docs/app/api-reference/config/next-config-js/turbopack#root-directory for more information.
 Detected additional lockfiles: 
   * D:\projects\Anti\event-karo\package-lock.json

▲ Next.js 16.1.7 (Turbopack)
- Environments: .env.local

  Creating an optimized production build ...
✓ Compiled successfully in 4.3s
  Running TypeScript ...
Failed to compile.

./src/components/college/CollegeNavbar.tsx:101:108
Type error: Type '{ children: Element[]; className: string; align: "end"; forceMount: true; }' is not assignable to type 'IntrinsicAttributes & MenuPopupProps & Pick<MenuPositionerProps, "align" | "alignOffset" | "side" | "sideOffset">'.
  Property 'forceMount' does not exist on type 'IntrinsicAttributes & MenuPopupProps & Pick<MenuPositionerProps, "align" | "alignOffset" | "side" | "sideOffset">'.

[0m [90m  99 |[39m                 [33m<[39m[33m/[39m[33mButton[39m[33m>[39m
 [90m 100 |[39m               [33m<[39m[33m/[39m[33mDropdownMenuTrigger[39m[33m>[39m
[31m[1m>[22m[39m[90m 101 |[39m               [33m<[39m[33mDropdownMenuContent[39m className[33m=[39m[32m"w-56 mt-2 rounded-xl shadow-xl border-slate-200"[39m align[33m=[39m[32m"end"[39m forceMount[33m>[39m
 [90m     |[39m                                                                                                            [31m[1m^[22m[39m
 [90m 102 |[39m                 [33m<[39m[33mDropdownMenuLabel[39m className[33m=[39m[32m"font-normal"[39m[33m>[39m
 [90m 103 |[39m                   [33m<[39m[33mdiv[39m className[33m=[39m[32m"flex flex-col space-y-1"[39m[33m>[39m
 [90m 104 |[39m                     [33m<[39m[33mp[39m className[33m=[39m[32m"text-sm font-semibold leading-none text-slate-900"[39m[33m>[39m{user[33m?[39m[33m.[39mname}[33m<[39m[33m/[39m[33mp[39m[33m>[39m[0m
Next.js build worker exited with code: 1 and signal: null
